<?xml version="1.0" encoding="UTF-8"?>
<!-- Generated by org.testng.reporters.JUnitReportReporter -->
<testsuite hostname="DESKTOP-A5CHD3A" failures="0" tests="21" name="com.learning_TestNG.Fetching_Multiple_Data_From_Excel" time="162.481" errors="2" timestamp="2024-08-20T17:48:21 IST" skipped="0">
  <testcase classname="com.learning_TestNG.Fetching_Multiple_Data_From_Excel" name="flipkartSearchTest" time="8.419"/>
  <testcase classname="com.learning_TestNG.Fetching_Multiple_Data_From_Excel" name="flipkartSearchTest" time="6.915"/>
  <testcase classname="com.learning_TestNG.Fetching_Multiple_Data_From_Excel" name="flipkartSearchTest" time="7.011"/>
  <testcase classname="com.learning_TestNG.Fetching_Multiple_Data_From_Excel" name="flipkartSearchTest" time="9.625"/>
  <testcase classname="com.learning_TestNG.Fetching_Multiple_Data_From_Excel" name="flipkartSearchTest" time="8.992"/>
  <testcase classname="com.learning_TestNG.Fetching_Multiple_Data_From_Excel" name="flipkartSearchTest" time="7.170"/>
  <testcase classname="com.learning_TestNG.Fetching_Multiple_Data_From_Excel" name="flipkartSearchTest" time="7.576"/>
  <testcase classname="com.learning_TestNG.Fetching_Multiple_Data_From_Excel" name="flipkartSearchTest" time="9.734"/>
  <testcase classname="com.learning_TestNG.Fetching_Multiple_Data_From_Excel" name="flipkartSearchTest" time="7.549"/>
  <testcase classname="com.learning_TestNG.Fetching_Multiple_Data_From_Excel" name="flipkartSearchTest" time="6.029"/>
  <testcase classname="com.learning_TestNG.Fetching_Multiple_Data_From_Excel" name="flipkartSearchTest" time="8.424"/>
  <testcase classname="com.learning_TestNG.Fetching_Multiple_Data_From_Excel" name="flipkartSearchTest" time="7.450"/>
  <testcase classname="com.learning_TestNG.Fetching_Multiple_Data_From_Excel" name="flipkartSearchTest" time="5.388"/>
  <testcase classname="com.learning_TestNG.Fetching_Multiple_Data_From_Excel" name="flipkartSearchTest" time="7.922"/>
  <testcase classname="com.learning_TestNG.Fetching_Multiple_Data_From_Excel" name="flipkartSearchTest" time="9.332"/>
  <testcase classname="com.learning_TestNG.Fetching_Multiple_Data_From_Excel" name="flipkartSearchTest" time="5.668"/>
  <testcase classname="com.learning_TestNG.Fetching_Multiple_Data_From_Excel" name="flipkartSearchTest" time="10.000"/>
  <testcase classname="com.learning_TestNG.Fetching_Multiple_Data_From_Excel" name="flipkartSearchTest" time="7.416"/>
  <testcase classname="com.learning_TestNG.Fetching_Multiple_Data_From_Excel" name="flipkartSearchTest" time="9.731"/>
  <testcase classname="com.learning_TestNG.Fetching_Multiple_Data_From_Excel" name="flipkartSearchTest" time="6.035">
    <error message="stale element reference: stale element not found in the current frame
  (Session info: chrome=127.0.6533.120)
For documentation on this error, please visit: https://www.selenium.dev/documentation/webdriver/troubleshooting/errors#stale-element-reference-exception
Build info: version: &#039;4.18.1&#039;, revision: &#039;b1d3319b48&#039;
System info: os.name: &#039;Windows 11&#039;, os.arch: &#039;amd64&#039;, os.version: &#039;10.0&#039;, java.version: &#039;17.0.11&#039;
Driver info: org.openqa.selenium.chrome.ChromeDriver
Command: [f56ebb033d839ac9962a0364678bfbc3, sendKeysToElement {id=f.329944EEBF0B77D20BAC10C61E400071.d.339DA5F221B0BB270824E8FDDFDAA4D1.e.1, value=[Ljava.lang.CharSequence;@1f15e689}]
Capabilities {acceptInsecureCerts: false, browserName: chrome, browserVersion: 127.0.6533.120, chrome: {chromedriverVersion: 127.0.6533.119 (bdef6783a05..., userDataDir: C:\Users\User\AppData\Local...}, fedcm:accounts: true, goog:chromeOptions: {debuggerAddress: localhost:58931}, networkConnectionEnabled: false, pageLoadStrategy: normal, platformName: windows, proxy: Proxy(), se:cdp: ws://localhost:58931/devtoo..., se:cdpVersion: 127.0.6533.120, setWindowRect: true, strictFileInteractability: false, timeouts: {implicit: 0, pageLoad: 300000, script: 30000}, unhandledPromptBehavior: dismiss and notify, webauthn:extension:credBlob: true, webauthn:extension:largeBlob: true, webauthn:extension:minPinLength: true, webauthn:extension:prf: true, webauthn:virtualAuthenticators: true}
Element: [[ChromeDriver: chrome on windows (f56ebb033d839ac9962a0364678bfbc3)] -&gt; name: q]
Session ID: f56ebb033d839ac9962a0364678bfbc3" type="org.openqa.selenium.StaleElementReferenceException">
      <![CDATA[org.openqa.selenium.StaleElementReferenceException: stale element reference: stale element not found in the current frame
  (Session info: chrome=127.0.6533.120)
For documentation on this error, please visit: https://www.selenium.dev/documentation/webdriver/troubleshooting/errors#stale-element-reference-exception
Build info: version: '4.18.1', revision: 'b1d3319b48'
System info: os.name: 'Windows 11', os.arch: 'amd64', os.version: '10.0', java.version: '17.0.11'
Driver info: org.openqa.selenium.chrome.ChromeDriver
Command: [f56ebb033d839ac9962a0364678bfbc3, sendKeysToElement {id=f.329944EEBF0B77D20BAC10C61E400071.d.339DA5F221B0BB270824E8FDDFDAA4D1.e.1, value=[Ljava.lang.CharSequence;@1f15e689}]
Capabilities {acceptInsecureCerts: false, browserName: chrome, browserVersion: 127.0.6533.120, chrome: {chromedriverVersion: 127.0.6533.119 (bdef6783a05..., userDataDir: C:\Users\User\AppData\Local...}, fedcm:accounts: true, goog:chromeOptions: {debuggerAddress: localhost:58931}, networkConnectionEnabled: false, pageLoadStrategy: normal, platformName: windows, proxy: Proxy(), se:cdp: ws://localhost:58931/devtoo..., se:cdpVersion: 127.0.6533.120, setWindowRect: true, strictFileInteractability: false, timeouts: {implicit: 0, pageLoad: 300000, script: 30000}, unhandledPromptBehavior: dismiss and notify, webauthn:extension:credBlob: true, webauthn:extension:largeBlob: true, webauthn:extension:minPinLength: true, webauthn:extension:prf: true, webauthn:virtualAuthenticators: true}
Element: [[ChromeDriver: chrome on windows (f56ebb033d839ac9962a0364678bfbc3)] -> name: q]
Session ID: f56ebb033d839ac9962a0364678bfbc3
at java.base/jdk.internal.reflect.NativeConstructorAccessorImpl.newInstance0(Native Method)
at java.base/jdk.internal.reflect.NativeConstructorAccessorImpl.newInstance(NativeConstructorAccessorImpl.java:77)
at java.base/jdk.internal.reflect.DelegatingConstructorAccessorImpl.newInstance(DelegatingConstructorAccessorImpl.java:45)
at java.base/java.lang.reflect.Constructor.newInstanceWithCaller(Constructor.java:499)
at java.base/java.lang.reflect.Constructor.newInstance(Constructor.java:480)
at org.openqa.selenium.remote.ErrorCodec.decode(ErrorCodec.java:167)
at org.openqa.selenium.remote.codec.w3c.W3CHttpResponseCodec.decode(W3CHttpResponseCodec.java:138)
at org.openqa.selenium.remote.codec.w3c.W3CHttpResponseCodec.decode(W3CHttpResponseCodec.java:50)
at org.openqa.selenium.remote.HttpCommandExecutor.execute(HttpCommandExecutor.java:190)
at org.openqa.selenium.remote.service.DriverCommandExecutor.invokeExecute(DriverCommandExecutor.java:216)
at org.openqa.selenium.remote.service.DriverCommandExecutor.execute(DriverCommandExecutor.java:174)
at org.openqa.selenium.remote.RemoteWebDriver.execute(RemoteWebDriver.java:519)
at org.openqa.selenium.remote.RemoteWebElement.execute(RemoteWebElement.java:223)
at org.openqa.selenium.remote.RemoteWebElement.sendKeys(RemoteWebElement.java:110)
at com.learning_TestNG.Fetching_Multiple_Data_From_Excel.flipkartSearchTest(Fetching_Multiple_Data_From_Excel.java:46)
at jdk.internal.reflect.GeneratedMethodAccessor3.invoke(Unknown Source)
at java.base/jdk.internal.reflect.DelegatingMethodAccessorImpl.invoke(DelegatingMethodAccessorImpl.java:43)
at java.base/java.lang.reflect.Method.invoke(Method.java:568)
at org.testng.internal.invokers.MethodInvocationHelper.invokeMethod(MethodInvocationHelper.java:141)
at org.testng.internal.invokers.TestInvoker.invokeMethod(TestInvoker.java:686)
at org.testng.internal.invokers.TestInvoker.invokeTestMethod(TestInvoker.java:230)
at org.testng.internal.invokers.MethodRunner.runInSequence(MethodRunner.java:63)
at org.testng.internal.invokers.TestInvoker$MethodInvocationAgent.invoke(TestInvoker.java:992)
at org.testng.internal.invokers.TestInvoker.invokeTestMethods(TestInvoker.java:203)
at org.testng.internal.invokers.TestMethodWorker.invokeTestMethods(TestMethodWorker.java:154)
at org.testng.internal.invokers.TestMethodWorker.run(TestMethodWorker.java:134)
at java.base/java.util.ArrayList.forEach(ArrayList.java:1511)
at org.testng.TestRunner.privateRun(TestRunner.java:739)
at org.testng.TestRunner.run(TestRunner.java:614)
at org.testng.SuiteRunner.runTest(SuiteRunner.java:421)
at org.testng.SuiteRunner.runSequentially(SuiteRunner.java:413)
at org.testng.SuiteRunner.privateRun(SuiteRunner.java:373)
at org.testng.SuiteRunner.run(SuiteRunner.java:312)
at org.testng.SuiteRunnerWorker.runSuite(SuiteRunnerWorker.java:52)
at org.testng.SuiteRunnerWorker.run(SuiteRunnerWorker.java:95)
at org.testng.TestNG.runSuitesSequentially(TestNG.java:1274)
at org.testng.TestNG.runSuitesLocally(TestNG.java:1208)
at org.testng.TestNG.runSuites(TestNG.java:1112)
at org.testng.TestNG.run(TestNG.java:1079)
at org.testng.remote.AbstractRemoteTestNG.run(AbstractRemoteTestNG.java:115)
at org.testng.remote.RemoteTestNG.initAndRun(RemoteTestNG.java:293)
at org.testng.remote.RemoteTestNG.main(RemoteTestNG.java:91)
]]>
    </error>
  </testcase> <!-- flipkartSearchTest -->
  <testcase classname="com.learning_TestNG.Fetching_Multiple_Data_From_Excel" name="flipkartSearchTest" time="6.095">
    <error message="Keys to send should be a not null CharSequence" type="java.lang.IllegalArgumentException">
      <![CDATA[java.lang.IllegalArgumentException: Keys to send should be a not null CharSequence
at org.openqa.selenium.remote.RemoteWebElement.sendKeys(RemoteWebElement.java:96)
at com.learning_TestNG.Fetching_Multiple_Data_From_Excel.flipkartSearchTest(Fetching_Multiple_Data_From_Excel.java:46)
at jdk.internal.reflect.GeneratedMethodAccessor3.invoke(Unknown Source)
at java.base/jdk.internal.reflect.DelegatingMethodAccessorImpl.invoke(DelegatingMethodAccessorImpl.java:43)
at java.base/java.lang.reflect.Method.invoke(Method.java:568)
at org.testng.internal.invokers.MethodInvocationHelper.invokeMethod(MethodInvocationHelper.java:141)
at org.testng.internal.invokers.TestInvoker.invokeMethod(TestInvoker.java:686)
at org.testng.internal.invokers.TestInvoker.invokeTestMethod(TestInvoker.java:230)
at org.testng.internal.invokers.MethodRunner.runInSequence(MethodRunner.java:63)
at org.testng.internal.invokers.TestInvoker$MethodInvocationAgent.invoke(TestInvoker.java:992)
at org.testng.internal.invokers.TestInvoker.invokeTestMethods(TestInvoker.java:203)
at org.testng.internal.invokers.TestMethodWorker.invokeTestMethods(TestMethodWorker.java:154)
at org.testng.internal.invokers.TestMethodWorker.run(TestMethodWorker.java:134)
at java.base/java.util.ArrayList.forEach(ArrayList.java:1511)
at org.testng.TestRunner.privateRun(TestRunner.java:739)
at org.testng.TestRunner.run(TestRunner.java:614)
at org.testng.SuiteRunner.runTest(SuiteRunner.java:421)
at org.testng.SuiteRunner.runSequentially(SuiteRunner.java:413)
at org.testng.SuiteRunner.privateRun(SuiteRunner.java:373)
at org.testng.SuiteRunner.run(SuiteRunner.java:312)
at org.testng.SuiteRunnerWorker.runSuite(SuiteRunnerWorker.java:52)
at org.testng.SuiteRunnerWorker.run(SuiteRunnerWorker.java:95)
at org.testng.TestNG.runSuitesSequentially(TestNG.java:1274)
at org.testng.TestNG.runSuitesLocally(TestNG.java:1208)
at org.testng.TestNG.runSuites(TestNG.java:1112)
at org.testng.TestNG.run(TestNG.java:1079)
at org.testng.remote.AbstractRemoteTestNG.run(AbstractRemoteTestNG.java:115)
at org.testng.remote.RemoteTestNG.initAndRun(RemoteTestNG.java:293)
at org.testng.remote.RemoteTestNG.main(RemoteTestNG.java:91)
]]>
    </error>
  </testcase> <!-- flipkartSearchTest -->
</testsuite> <!-- com.learning_TestNG.Fetching_Multiple_Data_From_Excel -->
